1531252633095	geckodriver	INFO	geckodriver 0.21.0
1531252633103	geckodriver	INFO	Listening on 127.0.0.1:35367
1531252634127	mozrunner::runner	INFO	Running command: "/usr/bin/firefox" "-marionette" "-foreground" "-no-remote" "-profile" "/tmp/rust_mozprofile.nzFRsOb0UXCk"
1531252640807	Marionette	INFO	Listening on port 36599
1531252640923	Marionette	WARN	TLS certificate errors will be ignored for this session
1531252643904	addons.xpi	WARN	Exception running bootstrap method shutdown on activity-stream@mozilla.org: [Exception... "Component returned failure code: 0x80004005 (NS_ERROR_FAILURE) [nsIObserverService.removeObserver]"  nsresult: "0x80004005 (NS_ERROR_FAILURE)"  location: "JS frame :: resource://activity-stream/lib/SnippetsFeed.jsm :: uninit :: line 185"  data: no] Stack trace: uninit()@resource://activity-stream/lib/SnippetsFeed.jsm:185
onAction()@resource://activity-stream/lib/SnippetsFeed.jsm:201
_middleware/</<()@resource://activity-stream/lib/Store.jsm:49
Store/this[method]()@resource://activity-stream/lib/Store.jsm:28
uninit()@resource://activity-stream/lib/Store.jsm:151
uninit()@resource://activity-stream/lib/ActivityStream.jsm:300
uninit()@resource://gre/modules/addons/XPIProvider.jsm -> jar:file:///usr/lib/firefox/browser/features/activity-stream@mozilla.org.xpi!/bootstrap.js:73
shutdown()@resource://gre/modules/addons/XPIProvider.jsm -> jar:file:///usr/lib/firefox/browser/features/activity-stream@mozilla.org.xpi!/bootstrap.js:169
callBootstrapMethod()@resource://gre/modules/addons/XPIProvider.jsm:4436
observe()@resource://gre/modules/addons/XPIProvider.jsm:2287
GeckoDriver.prototype.quit()@driver.js:3300
despatch()@server.js:293
execute()@server.js:267
onPacket/<()@server.js:242
onPacket()@server.js:241
_onJSONObjectReady/<()@transport.js:500
*** UTM:SVC TimerManager:registerTimer called after profile-before-change notification. Ignoring timer registration for id: telemetry_modules_ping
1531254446732	geckodriver	INFO	geckodriver 0.21.0
1531254446740	geckodriver	INFO	Listening on 127.0.0.1:32835
1531254447747	mozrunner::runner	INFO	Running command: "/usr/bin/firefox" "-marionette" "-foreground" "-no-remote" "-profile" "/tmp/rust_mozprofile.fyE4ngUd4Nn2"
1531254452211	Marionette	INFO	Listening on port 42017
1531254452274	Marionette	WARN	TLS certificate errors will be ignored for this session
*** UTM:SVC TimerManager:registerTimer called after profile-before-change notification. Ignoring timer registration for id: telemetry_modules_ping
1531254642839	geckodriver	INFO	geckodriver 0.21.0
1531254642848	geckodriver	INFO	Listening on 127.0.0.1:58387
1531254643850	mozrunner::runner	INFO	Running command: "/usr/bin/firefox" "-marionette" "-foreground" "-no-remote" "-profile" "/tmp/rust_mozprofile.gEOyTkysQx0H"
1531254648297	Marionette	INFO	Listening on port 38433
1531254648367	Marionette	WARN	TLS certificate errors will be ignored for this session
1531254651307	addons.xpi	WARN	Exception running bootstrap method shutdown on activity-stream@mozilla.org: [Exception... "Component returned failure code: 0x80004005 (NS_ERROR_FAILURE) [nsIObserverService.removeObserver]"  nsresult: "0x80004005 (NS_ERROR_FAILURE)"  location: "JS frame :: resource://activity-stream/lib/SnippetsFeed.jsm :: uninit :: line 185"  data: no] Stack trace: uninit()@resource://activity-stream/lib/SnippetsFeed.jsm:185
onAction()@resource://activity-stream/lib/SnippetsFeed.jsm:201
_middleware/</<()@resource://activity-stream/lib/Store.jsm:49
Store/this[method]()@resource://activity-stream/lib/Store.jsm:28
uninit()@resource://activity-stream/lib/Store.jsm:151
uninit()@resource://activity-stream/lib/ActivityStream.jsm:300
uninit()@resource://gre/modules/addons/XPIProvider.jsm -> jar:file:///usr/lib/firefox/browser/features/activity-stream@mozilla.org.xpi!/bootstrap.js:73
shutdown()@resource://gre/modules/addons/XPIProvider.jsm -> jar:file:///usr/lib/firefox/browser/features/activity-stream@mozilla.org.xpi!/bootstrap.js:169
callBootstrapMethod()@resource://gre/modules/addons/XPIProvider.jsm:4436
observe()@resource://gre/modules/addons/XPIProvider.jsm:2287
GeckoDriver.prototype.quit()@driver.js:3300
despatch()@server.js:293
execute()@server.js:267
onPacket/<()@server.js:242
onPacket()@server.js:241
_onJSONObjectReady/<()@transport.js:500
*** UTM:SVC TimerManager:registerTimer called after profile-before-change notification. Ignoring timer registration for id: telemetry_modules_ping
1531254667552	geckodriver	INFO	geckodriver 0.21.0
1531254667562	geckodriver	INFO	Listening on 127.0.0.1:52211
1531254668561	mozrunner::runner	INFO	Running command: "/usr/bin/firefox" "-marionette" "-foreground" "-no-remote" "-profile" "/tmp/rust_mozprofile.nONrjguC3pj4"
1531254673230	Marionette	INFO	Listening on port 41703
1531254673292	Marionette	WARN	TLS certificate errors will be ignored for this session
*** UTM:SVC TimerManager:registerTimer called after profile-before-change notification. Ignoring timer registration for id: telemetry_modules_ping
1531254748959	geckodriver	INFO	geckodriver 0.21.0
1531254748966	geckodriver	INFO	Listening on 127.0.0.1:40909
1531254749971	mozrunner::runner	INFO	Running command: "/usr/bin/firefox" "-marionette" "-foreground" "-no-remote" "-profile" "/tmp/rust_mozprofile.6SUSztCxTDf9"
1531254754603	Marionette	INFO	Listening on port 45171
1531254754691	Marionette	WARN	TLS certificate errors will be ignored for this session
*** UTM:SVC TimerManager:registerTimer called after profile-before-change notification. Ignoring timer registration for id: telemetry_modules_ping
1531254815393	geckodriver	INFO	geckodriver 0.21.0
1531254815404	geckodriver	INFO	Listening on 127.0.0.1:39243
1531254816405	mozrunner::runner	INFO	Running command: "/usr/bin/firefox" "-marionette" "-foreground" "-no-remote" "-profile" "/tmp/rust_mozprofile.IFhXKhOfrdGL"
1531254820875	Marionette	INFO	Listening on port 45629
1531254820926	Marionette	WARN	TLS certificate errors will be ignored for this session
*** UTM:SVC TimerManager:registerTimer called after profile-before-change notification. Ignoring timer registration for id: telemetry_modules_ping
1531254849586	geckodriver	INFO	geckodriver 0.21.0
1531254849598	geckodriver	INFO	Listening on 127.0.0.1:58093
1531254850599	mozrunner::runner	INFO	Running command: "/usr/bin/firefox" "-marionette" "-foreground" "-no-remote" "-profile" "/tmp/rust_mozprofile.vnC1AESnTAzj"
1531254855072	Marionette	INFO	Listening on port 43419
1531254855126	Marionette	WARN	TLS certificate errors will be ignored for this session
*** UTM:SVC TimerManager:registerTimer called after profile-before-change notification. Ignoring timer registration for id: telemetry_modules_ping
1531269110853	geckodriver	INFO	geckodriver 0.21.0
1531269110860	geckodriver	INFO	Listening on 127.0.0.1:45265
1531269111868	mozrunner::runner	INFO	Running command: "/usr/bin/firefox" "-marionette" "-foreground" "-no-remote" "-profile" "/tmp/rust_mozprofile.rb19g2idrotb"
1531269118938	Marionette	INFO	Listening on port 35479
1531269119030	Marionette	WARN	TLS certificate errors will be ignored for this session
JavaScript error: http://splix.io/js/155.js, line 1: SecurityError: Permission denied to access property "document" on cross-origin object
IPDL protocol error: Handler returned error code!

###!!! [Parent][DispatchAsyncMessage] Error: PLayerTransaction::Msg_ReleaseLayer Processing error: message was deserialized, but the handler returned false (indicating failure)

IPDL protocol error: Handler returned error code!

###!!! [Parent][DispatchAsyncMessage] Error: PLayerTransaction::Msg_ReleaseLayer Processing error: message was deserialized, but the handler returned false (indicating failure)

IPDL protocol error: Handler returned error code!

###!!! [Parent][DispatchAsyncMessage] Error: PLayerTransaction::Msg_ReleaseLayer Processing error: message was deserialized, but the handler returned false (indicating failure)

IPDL protocol error: Handler returned error code!

###!!! [Parent][DispatchAsyncMessage] Error: PLayerTransaction::Msg_ReleaseLayer Processing error: message was deserialized, but the handler returned false (indicating failure)

IPDL protocol error: Handler returned error code!

###!!! [Parent][DispatchAsyncMessage] Error: PLayerTransaction::Msg_ReleaseLayer Processing error: message was deserialized, but the handler returned false (indicating failure)

IPDL protocol error: Handler returned error code!

###!!! [Parent][DispatchAsyncMessage] Error: PLayerTransaction::Msg_ReleaseLayer Processing error: message was deserialized, but the handler returned false (indicating failure)


###!!! [Child][RunMessage] Error: Channel closing: too late to send/recv, messages will be lost

[Parent 5095, Gecko_IOThread] WARNING: pipe error (106): Connection reset by peer: file /build/firefox-AIw0T6/firefox-60.0.1+build2/ipc/chromium/src/chrome/common/ipc_channel_posix.cc, line 353
*** UTM:SVC TimerManager:registerTimer called after profile-before-change notification. Ignoring timer registration for id: telemetry_modules_ping
1531269346818	geckodriver	INFO	geckodriver 0.21.0
1531269346824	geckodriver	INFO	Listening on 127.0.0.1:54049
1531269347833	mozrunner::runner	INFO	Running command: "/usr/bin/firefox" "-marionette" "-foreground" "-no-remote" "-profile" "/tmp/rust_mozprofile.V3dXpzWAYZUN"
1531269354341	Marionette	INFO	Listening on port 41069
1531269354369	Marionette	WARN	TLS certificate errors will be ignored for this session
JavaScript error: http://splix.io/js/155.js, line 1: SecurityError: Permission denied to access property "document" on cross-origin object
IPDL protocol error: Handler returned error code!

###!!! [Parent][DispatchAsyncMessage] Error: PLayerTransaction::Msg_ReleaseLayer Processing error: message was deserialized, but the handler returned false (indicating failure)

IPDL protocol error: Handler returned error code!

###!!! [Parent][DispatchAsyncMessage] Error: PLayerTransaction::Msg_ReleaseLayer Processing error: message was deserialized, but the handler returned false (indicating failure)

*** UTM:SVC TimerManager:registerTimer called after profile-before-change notification. Ignoring timer registration for id: telemetry_modules_ping
1531269396143	geckodriver	INFO	geckodriver 0.21.0
1531269396158	geckodriver	INFO	Listening on 127.0.0.1:60493
1531269397157	mozrunner::runner	INFO	Running command: "/usr/bin/firefox" "-marionette" "-foreground" "-no-remote" "-profile" "/tmp/rust_mozprofile.B78lQJZ3uVcL"
1531269403552	Marionette	INFO	Listening on port 37057
1531269403622	Marionette	WARN	TLS certificate errors will be ignored for this session
JavaScript error: http://splix.io/js/155.js, line 1: SecurityError: Permission denied to access property "document" on cross-origin object
IPDL protocol error: Handler returned error code!

###!!! [Parent][DispatchAsyncMessage] Error: PLayerTransaction::Msg_ReleaseLayer Processing error: message was deserialized, but the handler returned false (indicating failure)

IPDL protocol error: Handler returned error code!

###!!! [Parent][DispatchAsyncMessage] Error: PLayerTransaction::Msg_ReleaseLayer Processing error: message was deserialized, but the handler returned false (indicating failure)

IPDL protocol error: Handler returned error code!

###!!! [Parent][DispatchAsyncMessage] Error: PLayerTransaction::Msg_ReleaseLayer Processing error: message was deserialized, but the handler returned false (indicating failure)

IPDL protocol error: Handler returned error code!

###!!! [Parent][DispatchAsyncMessage] Error: PLayerTransaction::Msg_ReleaseLayer Processing error: message was deserialized, but the handler returned false (indicating failure)

IPDL protocol error: Handler returned error code!

###!!! [Parent][DispatchAsyncMessage] Error: PLayerTransaction::Msg_ReleaseLayer Processing error: message was deserialized, but the handler returned false (indicating failure)

IPDL protocol error: Handler returned error code!

###!!! [Parent][DispatchAsyncMessage] Error: PLayerTransaction::Msg_ReleaseLayer Processing error: message was deserialized, but the handler returned false (indicating failure)

IPDL protocol error: Handler returned error code!

###!!! [Parent][DispatchAsyncMessage] Error: PLayerTransaction::Msg_ReleaseLayer Processing error: message was deserialized, but the handler returned false (indicating failure)

IPDL protocol error: Handler returned error code!

###!!! [Parent][DispatchAsyncMessage] Error: PLayerTransaction::Msg_ReleaseLayer Processing error: message was deserialized, but the handler returned false (indicating failure)

*** UTM:SVC TimerManager:registerTimer called after profile-before-change notification. Ignoring timer registration for id: telemetry_modules_ping
1531269447992	geckodriver	INFO	geckodriver 0.21.0
1531269448011	geckodriver	INFO	Listening on 127.0.0.1:51733
1531269449013	mozrunner::runner	INFO	Running command: "/usr/bin/firefox" "-marionette" "-foreground" "-no-remote" "-profile" "/tmp/rust_mozprofile.kP8R9s7T3gJJ"
1531269456599	Marionette	INFO	Listening on port 42941
1531269456666	Marionette	WARN	TLS certificate errors will be ignored for this session
JavaScript error: http://splix.io/js/155.js, line 1: SecurityError: Permission denied to access property "document" on cross-origin object
IPDL protocol error: Handler returned error code!

###!!! [Parent][DispatchAsyncMessage] Error: PLayerTransaction::Msg_ReleaseLayer Processing error: message was deserialized, but the handler returned false (indicating failure)

IPDL protocol error: Handler returned error code!

###!!! [Parent][DispatchAsyncMessage] Error: PLayerTransaction::Msg_ReleaseLayer Processing error: message was deserialized, but the handler returned false (indicating failure)

IPDL protocol error: Handler returned error code!

###!!! [Parent][DispatchAsyncMessage] Error: PLayerTransaction::Msg_ReleaseLayer Processing error: message was deserialized, but the handler returned false (indicating failure)

IPDL protocol error: Handler returned error code!

###!!! [Parent][DispatchAsyncMessage] Error: PLayerTransaction::Msg_ReleaseLayer Processing error: message was deserialized, but the handler returned false (indicating failure)

IPDL protocol error: Handler returned error code!

###!!! [Parent][DispatchAsyncMessage] Error: PLayerTransaction::Msg_ReleaseLayer Processing error: message was deserialized, but the handler returned false (indicating failure)

IPDL protocol error: Handler returned error code!

###!!! [Parent][DispatchAsyncMessage] Error: PLayerTransaction::Msg_ReleaseLayer Processing error: message was deserialized, but the handler returned false (indicating failure)


###!!! [Child][RunMessage] Error: Channel closing: too late to send/recv, messages will be lost


###!!! [Child][RunMessage] Error: Channel closing: too late to send/recv, messages will be lost


###!!! [Child][RunMessage] Error: Channel closing: too late to send/recv, messages will be lost


###!!! [Child][RunMessage] Error: Channel closing: too late to send/recv, messages will be lost


###!!! [Child][RunMessage] Error: Channel closing: too late to send/recv, messages will be lost


###!!! [Child][RunMessage] Error: Channel closing: too late to send/recv, messages will be lost


###!!! [Child][RunMessage] Error: Channel closing: too late to send/recv, messages will be lost


###!!! [Child][RunMessage] Error: Channel closing: too late to send/recv, messages will be lost


###!!! [Child][RunMessage] Error: Channel closing: too late to send/recv, messages will be lost


###!!! [Child][RunMessage] Error: Channel closing: too late to send/recv, messages will be lost


###!!! [Child][RunMessage] Error: Channel closing: too late to send/recv, messages will be lost


###!!! [Child][RunMessage] Error: Channel closing: too late to send/recv, messages will be lost


###!!! [Child][RunMessage] Error: Channel closing: too late to send/recv, messages will be lost


###!!! [Child][RunMessage] Error: Channel closing: too late to send/recv, messages will be lost


###!!! [Child][RunMessage] Error: Channel closing: too late to send/recv, messages will be lost


###!!! [Child][RunMessage] Error: Channel closing: too late to send/recv, messages will be lost


###!!! [Child][RunMessage] Error: Channel closing: too late to send/recv, messages will be lost


###!!! [Child][RunMessage] Error: Channel closing: too late to send/recv, messages will be lost


###!!! [Child][RunMessage] Error: Channel closing: too late to send/recv, messages will be lost

*** UTM:SVC TimerManager:registerTimer called after profile-before-change notification. Ignoring timer registration for id: telemetry_modules_ping
1531269507884	geckodriver	INFO	geckodriver 0.21.0
1531269507900	geckodriver	INFO	Listening on 127.0.0.1:59789
1531269508897	mozrunner::runner	INFO	Running command: "/usr/bin/firefox" "-marionette" "-foreground" "-no-remote" "-profile" "/tmp/rust_mozprofile.5q2Wad3HtyI7"
1531269515351	Marionette	INFO	Listening on port 38381
1531269515426	Marionette	WARN	TLS certificate errors will be ignored for this session
JavaScript error: http://splix.io/js/155.js, line 1: SecurityError: Permission denied to access property "document" on cross-origin object
1531270083977	geckodriver	INFO	geckodriver 0.21.0
1531270083984	geckodriver	INFO	Listening on 127.0.0.1:58853
1531270084993	mozrunner::runner	INFO	Running command: "/usr/bin/firefox" "-marionette" "-foreground" "-no-remote" "-profile" "/tmp/rust_mozprofile.puVXNQjA6dMY"
1531270090671	Marionette	INFO	Listening on port 45719
1531270090717	Marionette	WARN	TLS certificate errors will be ignored for this session
JavaScript error: http://splix.io/js/155.js, line 1: SecurityError: Permission denied to access property "document" on cross-origin object
IPDL protocol error: Handler returned error code!

###!!! [Parent][DispatchAsyncMessage] Error: PLayerTransaction::Msg_ReleaseLayer Processing error: message was deserialized, but the handler returned false (indicating failure)

IPDL protocol error: Handler returned error code!

###!!! [Parent][DispatchAsyncMessage] Error: PLayerTransaction::Msg_ReleaseLayer Processing error: message was deserialized, but the handler returned false (indicating failure)

*** UTM:SVC TimerManager:registerTimer called after profile-before-change notification. Ignoring timer registration for id: telemetry_modules_ping
1531270232167	geckodriver	INFO	geckodriver 0.21.0
1531270232174	geckodriver	INFO	Listening on 127.0.0.1:37185
1531270233182	mozrunner::runner	INFO	Running command: "/usr/bin/firefox" "-marionette" "-foreground" "-no-remote" "-profile" "/tmp/rust_mozprofile.zLA3cxrHAokD"
1531270240630	Marionette	INFO	Listening on port 39357
1531270240719	Marionette	WARN	TLS certificate errors will be ignored for this session
JavaScript error: http://splix.io/js/155.js, line 1: SecurityError: Permission denied to access property "document" on cross-origin object
IPDL protocol error: Handler returned error code!

###!!! [Parent][DispatchAsyncMessage] Error: PLayerTransaction::Msg_ReleaseLayer Processing error: message was deserialized, but the handler returned false (indicating failure)

IPDL protocol error: Handler returned error code!

###!!! [Parent][DispatchAsyncMessage] Error: PLayerTransaction::Msg_ReleaseLayer Processing error: message was deserialized, but the handler returned false (indicating failure)

IPDL protocol error: Handler returned error code!

###!!! [Parent][DispatchAsyncMessage] Error: PLayerTransaction::Msg_ReleaseLayer Processing error: message was deserialized, but the handler returned false (indicating failure)

*** UTM:SVC TimerManager:registerTimer called after profile-before-change notification. Ignoring timer registration for id: telemetry_modules_ping
1531270353141	geckodriver	INFO	geckodriver 0.21.0
1531270353160	geckodriver	INFO	Listening on 127.0.0.1:41745
1531270354157	mozrunner::runner	INFO	Running command: "/usr/bin/firefox" "-marionette" "-foreground" "-no-remote" "-profile" "/tmp/rust_mozprofile.HiPJqCGkqRgA"
1531270362967	Marionette	INFO	Listening on port 43721
1531270363010	Marionette	WARN	TLS certificate errors will be ignored for this session
JavaScript error: http://splix.io/js/155.js, line 1: SecurityError: Permission denied to access property "document" on cross-origin object
IPDL protocol error: Handler returned error code!

###!!! [Parent][DispatchAsyncMessage] Error: PLayerTransaction::Msg_ReleaseLayer Processing error: message was deserialized, but the handler returned false (indicating failure)

IPDL protocol error: Handler returned error code!

###!!! [Parent][DispatchAsyncMessage] Error: PLayerTransaction::Msg_ReleaseLayer Processing error: message was deserialized, but the handler returned false (indicating failure)

IPDL protocol error: Handler returned error code!

###!!! [Parent][DispatchAsyncMessage] Error: PLayerTransaction::Msg_ReleaseLayer Processing error: message was deserialized, but the handler returned false (indicating failure)

JavaScript error: resource://devtools/client/jsonview/converter-observer.js, line 72: NS_ERROR_NOT_AVAILABLE: Component returned failure code: 0x80040111 (NS_ERROR_NOT_AVAILABLE) [nsIChannel.contentType]
1531270384701	addons.productaddons	WARN	Failed downloading via XHR, status: 0, reason: error
[Parent 6723, Gecko_IOThread] WARNING: pipe error (104): Connection reset by peer: file /build/firefox-AIw0T6/firefox-60.0.1+build2/ipc/chromium/src/chrome/common/ipc_channel_posix.cc, line 353
*** UTM:SVC TimerManager:registerTimer called after profile-before-change notification. Ignoring timer registration for id: telemetry_modules_ping
1531270415184	geckodriver	INFO	geckodriver 0.21.0
1531270415202	geckodriver	INFO	Listening on 127.0.0.1:55903
1531270416203	mozrunner::runner	INFO	Running command: "/usr/bin/firefox" "-marionette" "-foreground" "-no-remote" "-profile" "/tmp/rust_mozprofile.EvQKAJ5vSj3T"
1531270423323	Marionette	INFO	Listening on port 38253
1531270423396	Marionette	WARN	TLS certificate errors will be ignored for this session
JavaScript error: http://splix.io/js/155.js, line 1: SecurityError: Permission denied to access property "document" on cross-origin object
IPDL protocol error: Handler returned error code!

###!!! [Parent][DispatchAsyncMessage] Error: PLayerTransaction::Msg_ReleaseLayer Processing error: message was deserialized, but the handler returned false (indicating failure)

IPDL protocol error: Handler returned error code!

###!!! [Parent][DispatchAsyncMessage] Error: PLayerTransaction::Msg_ReleaseLayer Processing error: message was deserialized, but the handler returned false (indicating failure)

IPDL protocol error: Handler returned error code!

###!!! [Parent][DispatchAsyncMessage] Error: PLayerTransaction::Msg_ReleaseLayer Processing error: message was deserialized, but the handler returned false (indicating failure)


###!!! [Child][RunMessage] Error: Channel closing: too late to send/recv, messages will be lost


###!!! [Child][RunMessage] Error: Channel closing: too late to send/recv, messages will be lost


###!!! [Child][RunMessage] Error: Channel closing: too late to send/recv, messages will be lost


###!!! [Child][RunMessage] Error: Channel closing: too late to send/recv, messages will be lost


###!!! [Child][RunMessage] Error: Channel closing: too late to send/recv, messages will be lost

*** UTM:SVC TimerManager:registerTimer called after profile-before-change notification. Ignoring timer registration for id: telemetry_modules_ping
1531270482484	geckodriver	INFO	geckodriver 0.21.0
1531270482498	geckodriver	INFO	Listening on 127.0.0.1:47971
1531270483497	mozrunner::runner	INFO	Running command: "/usr/bin/firefox" "-marionette" "-foreground" "-no-remote" "-profile" "/tmp/rust_mozprofile.TZ3PBPLcFZf0"
1531270490675	Marionette	INFO	Listening on port 37997
1531270490744	Marionette	WARN	TLS certificate errors will be ignored for this session
JavaScript error: http://splix.io/js/155.js, line 1: SecurityError: Permission denied to access property "document" on cross-origin object
IPDL protocol error: Handler returned error code!

###!!! [Parent][DispatchAsyncMessage] Error: PLayerTransaction::Msg_ReleaseLayer Processing error: message was deserialized, but the handler returned false (indicating failure)

IPDL protocol error: Handler returned error code!

###!!! [Parent][DispatchAsyncMessage] Error: PLayerTransaction::Msg_ReleaseLayer Processing error: message was deserialized, but the handler returned false (indicating failure)

IPDL protocol error: Handler returned error code!

###!!! [Parent][DispatchAsyncMessage] Error: PLayerTransaction::Msg_ReleaseLayer Processing error: message was deserialized, but the handler returned false (indicating failure)


###!!! [Child][RunMessage] Error: Channel closing: too late to send/recv, messages will be lost


###!!! [Child][RunMessage] Error: Channel closing: too late to send/recv, messages will be lost

1531271506933	geckodriver	INFO	geckodriver 0.21.0
1531271506940	geckodriver	INFO	Listening on 127.0.0.1:60431
1531271507948	mozrunner::runner	INFO	Running command: "/usr/bin/firefox" "-marionette" "-foreground" "-no-remote" "-profile" "/tmp/rust_mozprofile.mBb8063yDyqZ"
1531271513915	Marionette	INFO	Listening on port 35609
1531271513998	Marionette	WARN	TLS certificate errors will be ignored for this session
JavaScript error: http://splix.io/js/155.js, line 1: SecurityError: Permission denied to access property "document" on cross-origin object

###!!! [Child][RunMessage] Error: Channel closing: too late to send/recv, messages will be lost


###!!! [Child][RunMessage] Error: Channel closing: too late to send/recv, messages will be lost

[Parent 7587, Gecko_IOThread] WARNING: pipe error (96): Connection reset by peer: file /build/firefox-AIw0T6/firefox-60.0.1+build2/ipc/chromium/src/chrome/common/ipc_channel_posix.cc, line 353
*** UTM:SVC TimerManager:registerTimer called after profile-before-change notification. Ignoring timer registration for id: telemetry_modules_ping
1531271837336	geckodriver	INFO	geckodriver 0.21.0
1531271837355	geckodriver	INFO	Listening on 127.0.0.1:43495
1531271838352	mozrunner::runner	INFO	Running command: "/usr/bin/firefox" "-marionette" "-foreground" "-no-remote" "-profile" "/tmp/rust_mozprofile.cUgqLihELa69"
1531271846589	Marionette	INFO	Listening on port 35389
1531271846687	Marionette	WARN	TLS certificate errors will be ignored for this session
JavaScript error: http://splix.io/js/155.js, line 1: SecurityError: Permission denied to access property "document" on cross-origin object
*** UTM:SVC TimerManager:registerTimer called after profile-before-change notification. Ignoring timer registration for id: telemetry_modules_ping
1531272341689	geckodriver	INFO	geckodriver 0.21.0
1531272341710	geckodriver	INFO	Listening on 127.0.0.1:56847
1531272342709	mozrunner::runner	INFO	Running command: "/usr/bin/firefox" "-marionette" "-foreground" "-no-remote" "-profile" "/tmp/rust_mozprofile.PD7GVKR5r0gK"
1531272349007	Marionette	INFO	Listening on port 33797
1531272349049	Marionette	WARN	TLS certificate errors will be ignored for this session
JavaScript error: http://splix.io/js/155.js, line 1: SecurityError: Permission denied to access property "document" on cross-origin object
*** UTM:SVC TimerManager:registerTimer called after profile-before-change notification. Ignoring timer registration for id: telemetry_modules_ping
1531272861283	geckodriver	INFO	geckodriver 0.21.0
1531272861302	geckodriver	INFO	Listening on 127.0.0.1:38379
1531272862302	mozrunner::runner	INFO	Running command: "/usr/bin/firefox" "-marionette" "-foreground" "-no-remote" "-profile" "/tmp/rust_mozprofile.Prdw66IVV2uO"
1531272870134	Marionette	INFO	Listening on port 34365
1531272870257	Marionette	WARN	TLS certificate errors will be ignored for this session
JavaScript error: http://splix.io/js/155.js, line 1: SecurityError: Permission denied to access property "document" on cross-origin object
IPDL protocol error: Handler returned error code!

###!!! [Parent][DispatchAsyncMessage] Error: PLayerTransaction::Msg_ReleaseLayer Processing error: message was deserialized, but the handler returned false (indicating failure)

IPDL protocol error: Handler returned error code!

###!!! [Parent][DispatchAsyncMessage] Error: PLayerTransaction::Msg_ReleaseLayer Processing error: message was deserialized, but the handler returned false (indicating failure)

IPDL protocol error: Handler returned error code!

###!!! [Parent][DispatchAsyncMessage] Error: PLayerTransaction::Msg_ReleaseLayer Processing error: message was deserialized, but the handler returned false (indicating failure)

[Parent 8557, Gecko_IOThread] WARNING: pipe error (102): Connection reset by peer: file /build/firefox-AIw0T6/firefox-60.0.1+build2/ipc/chromium/src/chrome/common/ipc_channel_posix.cc, line 353
*** UTM:SVC TimerManager:registerTimer called after profile-before-change notification. Ignoring timer registration for id: telemetry_modules_ping
1531272908823	geckodriver	INFO	geckodriver 0.21.0
1531272908842	geckodriver	INFO	Listening on 127.0.0.1:56565
1531272909843	mozrunner::runner	INFO	Running command: "/usr/bin/firefox" "-marionette" "-foreground" "-no-remote" "-profile" "/tmp/rust_mozprofile.SgVuIoVL2XKu"
1531272916679	Marionette	INFO	Listening on port 41731
1531272916816	Marionette	WARN	TLS certificate errors will be ignored for this session
JavaScript error: http://splix.io/js/155.js, line 1: SecurityError: Permission denied to access property "document" on cross-origin object
1531272939210	addons.productaddons	WARN	Failed downloading via XHR, status: 0, reason: error

###!!! [Child][MessageChannel] Error: (msgtype=0x540027,name=PNecko::Msg_RemoveRequestContext) Channel closing: too late to send/recv, messages will be lost


###!!! [Child][RunMessage] Error: Channel closing: too late to send/recv, messages will be lost

*** UTM:SVC TimerManager:registerTimer called after profile-before-change notification. Ignoring timer registration for id: telemetry_modules_ping
1531273111238	geckodriver	INFO	geckodriver 0.21.0
1531273111256	geckodriver	INFO	Listening on 127.0.0.1:60335
1531273112257	mozrunner::runner	INFO	Running command: "/usr/bin/firefox" "-marionette" "-foreground" "-no-remote" "-profile" "/tmp/rust_mozprofile.mCwlngRMiHpR"
1531273119361	Marionette	INFO	Listening on port 36069
1531273119384	Marionette	WARN	TLS certificate errors will be ignored for this session
JavaScript error: http://splix.io/js/155.js, line 1: SecurityError: Permission denied to access property "document" on cross-origin object
IPDL protocol error: Handler returned error code!

###!!! [Parent][DispatchAsyncMessage] Error: PLayerTransaction::Msg_ReleaseLayer Processing error: message was deserialized, but the handler returned false (indicating failure)

IPDL protocol error: Handler returned error code!

###!!! [Parent][DispatchAsyncMessage] Error: PLayerTransaction::Msg_ReleaseLayer Processing error: message was deserialized, but the handler returned false (indicating failure)

IPDL protocol error: Handler returned error code!

###!!! [Parent][DispatchAsyncMessage] Error: PLayerTransaction::Msg_ReleaseLayer Processing error: message was deserialized, but the handler returned false (indicating failure)

1531273140741	addons.productaddons	WARN	Failed downloading via XHR, status: 0, reason: error
*** UTM:SVC TimerManager:registerTimer called after profile-before-change notification. Ignoring timer registration for id: telemetry_modules_ping
1531273338734	geckodriver	INFO	geckodriver 0.21.0
1531273338741	geckodriver	INFO	Listening on 127.0.0.1:55519
1531273339745	mozrunner::runner	INFO	Running command: "/usr/bin/firefox" "-marionette" "-foreground" "-no-remote" "-profile" "/tmp/rust_mozprofile.eRqOsZRyNX8R"
1531273346791	Marionette	INFO	Listening on port 44421
1531273346883	Marionette	WARN	TLS certificate errors will be ignored for this session
JavaScript error: http://splix.io/js/155.js, line 1: SecurityError: Permission denied to access property "document" on cross-origin object
IPDL protocol error: Handler returned error code!

###!!! [Parent][DispatchAsyncMessage] Error: PLayerTransaction::Msg_ReleaseLayer Processing error: message was deserialized, but the handler returned false (indicating failure)

IPDL protocol error: Handler returned error code!

###!!! [Parent][DispatchAsyncMessage] Error: PLayerTransaction::Msg_ReleaseLayer Processing error: message was deserialized, but the handler returned false (indicating failure)

IPDL protocol error: Handler returned error code!

###!!! [Parent][DispatchAsyncMessage] Error: PLayerTransaction::Msg_ReleaseLayer Processing error: message was deserialized, but the handler returned false (indicating failure)

*** UTM:SVC TimerManager:registerTimer called after profile-before-change notification. Ignoring timer registration for id: telemetry_modules_ping
1531273505933	geckodriver	INFO	geckodriver 0.21.0
1531273505951	geckodriver	INFO	Listening on 127.0.0.1:32979
1531273506953	mozrunner::runner	INFO	Running command: "/usr/bin/firefox" "-marionette" "-foreground" "-no-remote" "-profile" "/tmp/rust_mozprofile.0pERr1mROYGG"
1531273513672	Marionette	INFO	Listening on port 40807
1531273513773	Marionette	WARN	TLS certificate errors will be ignored for this session
JavaScript error: http://splix.io/js/155.js, line 1: SecurityError: Permission denied to access property "document" on cross-origin object
*** UTM:SVC TimerManager:registerTimer called after profile-before-change notification. Ignoring timer registration for id: telemetry_modules_ping
1531275057749	geckodriver	INFO	geckodriver 0.21.0
1531275057763	geckodriver	INFO	Listening on 127.0.0.1:39525
1531275058762	mozrunner::runner	INFO	Running command: "/usr/bin/firefox" "-marionette" "-foreground" "-no-remote" "-profile" "/tmp/rust_mozprofile.enFLXO69UgmG"
1531275065128	Marionette	INFO	Listening on port 41455
1531275065218	Marionette	WARN	TLS certificate errors will be ignored for this session
JavaScript error: http://splix.io/js/155.js, line 1: SecurityError: Permission denied to access property "document" on cross-origin object
IPDL protocol error: Handler returned error code!

###!!! [Parent][DispatchAsyncMessage] Error: PLayerTransaction::Msg_ReleaseLayer Processing error: message was deserialized, but the handler returned false (indicating failure)

IPDL protocol error: Handler returned error code!

###!!! [Parent][DispatchAsyncMessage] Error: PLayerTransaction::Msg_ReleaseLayer Processing error: message was deserialized, but the handler returned false (indicating failure)

IPDL protocol error: Handler returned error code!

###!!! [Parent][DispatchAsyncMessage] Error: PLayerTransaction::Msg_ReleaseLayer Processing error: message was deserialized, but the handler returned false (indicating failure)


###!!! [Child][MessageChannel] Error: (msgtype=0x480006,name=PHttpChannel::Msg_Cancel) Channel closing: too late to send/recv, messages will be lost


###!!! [Child][MessageChannel] Error: (msgtype=0x48000E,name=PHttpChannel::Msg_DeletingChannel) Channel closing: too late to send/recv, messages will be lost


###!!! [Child][RunMessage] Error: Channel closing: too late to send/recv, messages will be lost

*** UTM:SVC TimerManager:registerTimer called after profile-before-change notification. Ignoring timer registration for id: telemetry_modules_ping
1531275215701	geckodriver	INFO	geckodriver 0.21.0
1531275215714	geckodriver	INFO	Listening on 127.0.0.1:56433
1531275216713	mozrunner::runner	INFO	Running command: "/usr/bin/firefox" "-marionette" "-foreground" "-no-remote" "-profile" "/tmp/rust_mozprofile.mAD2hvek1bU9"
1531275223677	Marionette	INFO	Listening on port 35105
1531275223758	Marionette	WARN	TLS certificate errors will be ignored for this session
JavaScript error: http://splix.io/js/155.js, line 1: SecurityError: Permission denied to access property "document" on cross-origin object
IPDL protocol error: Handler returned error code!

###!!! [Parent][DispatchAsyncMessage] Error: PLayerTransaction::Msg_ReleaseLayer Processing error: message was deserialized, but the handler returned false (indicating failure)

IPDL protocol error: Handler returned error code!

###!!! [Parent][DispatchAsyncMessage] Error: PLayerTransaction::Msg_ReleaseLayer Processing error: message was deserialized, but the handler returned false (indicating failure)

IPDL protocol error: Handler returned error code!

###!!! [Parent][DispatchAsyncMessage] Error: PLayerTransaction::Msg_ReleaseLayer Processing error: message was deserialized, but the handler returned false (indicating failure)

IPDL protocol error: Handler returned error code!

###!!! [Parent][DispatchAsyncMessage] Error: PLayerTransaction::Msg_ReleaseLayer Processing error: message was deserialized, but the handler returned false (indicating failure)

IPDL protocol error: Handler returned error code!

###!!! [Parent][DispatchAsyncMessage] Error: PLayerTransaction::Msg_ReleaseLayer Processing error: message was deserialized, but the handler returned false (indicating failure)

IPDL protocol error: Handler returned error code!

###!!! [Parent][DispatchAsyncMessage] Error: PLayerTransaction::Msg_ReleaseLayer Processing error: message was deserialized, but the handler returned false (indicating failure)

*** UTM:SVC TimerManager:registerTimer called after profile-before-change notification. Ignoring timer registration for id: telemetry_modules_ping
1531275296126	geckodriver	INFO	geckodriver 0.21.0
1531275296144	geckodriver	INFO	Listening on 127.0.0.1:60377
1531275297141	mozrunner::runner	INFO	Running command: "/usr/bin/firefox" "-marionette" "-foreground" "-no-remote" "-profile" "/tmp/rust_mozprofile.UvSaGtByVz2Y"
1531275304223	Marionette	INFO	Listening on port 33545
1531275304308	Marionette	WARN	TLS certificate errors will be ignored for this session
JavaScript error: http://splix.io/js/155.js, line 1: SecurityError: Permission denied to access property "document" on cross-origin object
JavaScript error: http://adadvisor.net/adscores/g.js?sid=9276253823, line 1: SyntaxError: expected expression, got '<'
[Parent 10245, Gecko_IOThread] WARNING: pipe error (100): Connection reset by peer: file /build/firefox-AIw0T6/firefox-60.0.1+build2/ipc/chromium/src/chrome/common/ipc_channel_posix.cc, line 353
*** UTM:SVC TimerManager:registerTimer called after profile-before-change notification. Ignoring timer registration for id: telemetry_modules_ping
1531275434199	geckodriver	INFO	geckodriver 0.21.0
1531275434218	geckodriver	INFO	Listening on 127.0.0.1:52139
1531275435215	mozrunner::runner	INFO	Running command: "/usr/bin/firefox" "-marionette" "-foreground" "-no-remote" "-profile" "/tmp/rust_mozprofile.1QLhJTPbPqfV"
1531275441769	Marionette	INFO	Listening on port 41519
1531275441885	Marionette	WARN	TLS certificate errors will be ignored for this session
JavaScript error: http://splix.io/js/155.js, line 1: SecurityError: Permission denied to access property "document" on cross-origin object
IPDL protocol error: Handler returned error code!

###!!! [Parent][DispatchAsyncMessage] Error: PLayerTransaction::Msg_ReleaseLayer Processing error: message was deserialized, but the handler returned false (indicating failure)

*** UTM:SVC TimerManager:registerTimer called after profile-before-change notification. Ignoring timer registration for id: telemetry_modules_ping
1531275458391	geckodriver	INFO	geckodriver 0.21.0
1531275458410	geckodriver	INFO	Listening on 127.0.0.1:32985
1531275459406	mozrunner::runner	INFO	Running command: "/usr/bin/firefox" "-marionette" "-foreground" "-no-remote" "-profile" "/tmp/rust_mozprofile.EnyskIEGcxh0"
1531275466798	Marionette	INFO	Listening on port 34743
1531275466849	Marionette	WARN	TLS certificate errors will be ignored for this session
JavaScript error: http://splix.io/js/155.js, line 1: SecurityError: Permission denied to access property "document" on cross-origin object
[Parent 10677, Gecko_IOThread] WARNING: pipe error (103): Connection reset by peer: file /build/firefox-AIw0T6/firefox-60.0.1+build2/ipc/chromium/src/chrome/common/ipc_channel_posix.cc, line 353
1531275485608	geckodriver	INFO	geckodriver 0.21.0
1531275485621	geckodriver	INFO	Listening on 127.0.0.1:44437
1531275486621	mozrunner::runner	INFO	Running command: "/usr/bin/firefox" "-marionette" "-foreground" "-no-remote" "-profile" "/tmp/rust_mozprofile.TwcTJfaKg11C"
1531275493962	Marionette	INFO	Listening on port 41181
1531275494058	Marionette	WARN	TLS certificate errors will be ignored for this session
JavaScript error: http://splix.io/js/155.js, line 1: SecurityError: Permission denied to access property "document" on cross-origin object
IPDL protocol error: Handler returned error code!

###!!! [Parent][DispatchAsyncMessage] Error: PLayerTransaction::Msg_ReleaseLayer Processing error: message was deserialized, but the handler returned false (indicating failure)

IPDL protocol error: Handler returned error code!

###!!! [Parent][DispatchAsyncMessage] Error: PLayerTransaction::Msg_ReleaseLayer Processing error: message was deserialized, but the handler returned false (indicating failure)

IPDL protocol error: Handler returned error code!

###!!! [Parent][DispatchAsyncMessage] Error: PLayerTransaction::Msg_ReleaseLayer Processing error: message was deserialized, but the handler returned false (indicating failure)


###!!! [Child][MessageChannel] Error: (msgtype=0x480008,name=PHttpChannel::Msg_DocumentChannelCleanup) Channel closing: too late to send/recv, messages will be lost


###!!! [Child][RunMessage] Error: Channel closing: too late to send/recv, messages will be lost


###!!! [Child][MessageChannel] Error: (msgtype=0x480008,name=PHttpChannel::Msg_DocumentChannelCleanup) Channel closing: too late to send/recv, messages will be lost


###!!! [Child][MessageChannel] Error: (msgtype=0x480008,name=PHttpChannel::Msg_DocumentChannelCleanup) Channel closing: too late to send/recv, messages will be lost


###!!! [Child][MessageChannel] Error: (msgtype=0x480008,name=PHttpChannel::Msg_DocumentChannelCleanup) Channel closing: too late to send/recv, messages will be lost


###!!! [Child][MessageChannel] Error: (msgtype=0x480008,name=PHttpChannel::Msg_DocumentChannelCleanup) Channel closing: too late to send/recv, messages will be lost


###!!! [Child][MessageChannel] Error: (msgtype=0x48000E,name=PHttpChannel::Msg_DeletingChannel) Channel closing: too late to send/recv, messages will be lost


###!!! [Child][MessageChannel] Error: (msgtype=0x480008,name=PHttpChannel::Msg_DocumentChannelCleanup) Channel closing: too late to send/recv, messages will be lost


###!!! [Child][MessageChannel] Error: (msgtype=0x480008,name=PHttpChannel::Msg_DocumentChannelCleanup) Channel closing: too late to send/recv, messages will be lost

*** UTM:SVC TimerManager:registerTimer called after profile-before-change notification. Ignoring timer registration for id: telemetry_modules_ping
1531275510195	geckodriver	INFO	geckodriver 0.21.0
1531275510213	geckodriver	INFO	Listening on 127.0.0.1:56913
1531275511214	mozrunner::runner	INFO	Running command: "/usr/bin/firefox" "-marionette" "-foreground" "-no-remote" "-profile" "/tmp/rust_mozprofile.cLbExh9MNZHv"
1531275517782	Marionette	INFO	Listening on port 44191
1531275517848	Marionette	WARN	TLS certificate errors will be ignored for this session
JavaScript error: http://splix.io/js/155.js, line 1: SecurityError: Permission denied to access property "document" on cross-origin object

###!!! [Child][MessageChannel] Error: (msgtype=0x540027,name=PNecko::Msg_RemoveRequestContext) Channel closing: too late to send/recv, messages will be lost


###!!! [Child][RunMessage] Error: Channel closing: too late to send/recv, messages will be lost


###!!! [Child][RunMessage] Error: Channel closing: too late to send/recv, messages will be lost


###!!! [Child][RunMessage] Error: Channel closing: too late to send/recv, messages will be lost


###!!! [Child][RunMessage] Error: Channel closing: too late to send/recv, messages will be lost


###!!! [Child][RunMessage] Error: Channel closing: too late to send/recv, messages will be lost


###!!! [Child][RunMessage] Error: Channel closing: too late to send/recv, messages will be lost


###!!! [Child][RunMessage] Error: Channel closing: too late to send/recv, messages will be lost


###!!! [Child][RunMessage] Error: Channel closing: too late to send/recv, messages will be lost


###!!! [Child][RunMessage] Error: Channel closing: too late to send/recv, messages will be lost


###!!! [Child][RunMessage] Error: Channel closing: too late to send/recv, messages will be lost


###!!! [Child][RunMessage] Error: Channel closing: too late to send/recv, messages will be lost


###!!! [Child][RunMessage] Error: Channel closing: too late to send/recv, messages will be lost

*** UTM:SVC TimerManager:registerTimer called after profile-before-change notification. Ignoring timer registration for id: telemetry_modules_ping
1531275580463	geckodriver	INFO	geckodriver 0.21.0
1531275580488	geckodriver	INFO	Listening on 127.0.0.1:56071
1531275581479	mozrunner::runner	INFO	Running command: "/usr/bin/firefox" "-marionette" "-foreground" "-no-remote" "-profile" "/tmp/rust_mozprofile.XmvWt9tE8H2k"
1531275588685	Marionette	INFO	Listening on port 34103
1531275588727	Marionette	WARN	TLS certificate errors will be ignored for this session
JavaScript error: http://splix.io/js/155.js, line 1: SecurityError: Permission denied to access property "document" on cross-origin object
IPDL protocol error: Handler returned error code!

###!!! [Parent][DispatchAsyncMessage] Error: PLayerTransaction::Msg_ReleaseLayer Processing error: message was deserialized, but the handler returned false (indicating failure)

IPDL protocol error: Handler returned error code!

###!!! [Parent][DispatchAsyncMessage] Error: PLayerTransaction::Msg_ReleaseLayer Processing error: message was deserialized, but the handler returned false (indicating failure)

IPDL protocol error: Handler returned error code!

###!!! [Parent][DispatchAsyncMessage] Error: PLayerTransaction::Msg_ReleaseLayer Processing error: message was deserialized, but the handler returned false (indicating failure)

IPDL protocol error: Handler returned error code!

###!!! [Parent][DispatchAsyncMessage] Error: PLayerTransaction::Msg_ReleaseLayer Processing error: message was deserialized, but the handler returned false (indicating failure)

IPDL protocol error: Handler returned error code!

###!!! [Parent][DispatchAsyncMessage] Error: PLayerTransaction::Msg_ReleaseLayer Processing error: message was deserialized, but the handler returned false (indicating failure)

IPDL protocol error: Handler returned error code!

###!!! [Parent][DispatchAsyncMessage] Error: PLayerTransaction::Msg_ReleaseLayer Processing error: message was deserialized, but the handler returned false (indicating failure)

[Child 11278, Chrome_ChildThread] WARNING: pipe error: Broken pipe: file /build/firefox-AIw0T6/firefox-60.0.1+build2/ipc/chromium/src/chrome/common/ipc_channel_posix.cc, line 709
[Child 11278, Chrome_ChildThread] WARNING: pipe error: Broken pipe: file /build/firefox-AIw0T6/firefox-60.0.1+build2/ipc/chromium/src/chrome/common/ipc_channel_posix.cc, line 709
[Child 11278, Chrome_ChildThread] WARNING: pipe error: Broken pipe: file /build/firefox-AIw0T6/firefox-60.0.1+build2/ipc/chromium/src/chrome/common/ipc_channel_posix.cc, line 709
[Child 11278, Chrome_ChildThread] WARNING: pipe error: Broken pipe: file /build/firefox-AIw0T6/firefox-60.0.1+build2/ipc/chromium/src/chrome/common/ipc_channel_posix.cc, line 709

###!!! [Child][MessageChannel] Error: (msgtype=0x540027,name=PNecko::Msg_RemoveRequestContext) Channel closing: too late to send/recv, messages will be lost


###!!! [Child][RunMessage] Error: Channel closing: too late to send/recv, messages will be lost

*** UTM:SVC TimerManager:registerTimer called after profile-before-change notification. Ignoring timer registration for id: telemetry_modules_ping
1531315145693	geckodriver	INFO	geckodriver 0.21.0
1531315145704	geckodriver	INFO	Listening on 127.0.0.1:47727
1531315146704	mozrunner::runner	INFO	Running command: "/usr/bin/firefox" "-marionette" "-foreground" "-no-remote" "-profile" "/tmp/rust_mozprofile.hPSXNmZHFKA7"
1531315154359	Marionette	INFO	Listening on port 37279
1531315154436	Marionette	WARN	TLS certificate errors will be ignored for this session
JavaScript error: http://splix.io/js/155.js, line 1: SecurityError: Permission denied to access property "document" on cross-origin object

###!!! [Child][RunMessage] Error: Channel closing: too late to send/recv, messages will be lost

1531315185005	Marionette	DEBUG	Register listener.js for window 4294967297
1531315185006	Marionette	ERROR	No reply from Marionette:Register
JavaScript error: chrome://marionette/content/listener.js, line 464: TypeError: reply[0] is undefined
1531315185067	Marionette	DEBUG	Register listener.js for window 4294967299
1531315185068	Marionette	ERROR	No reply from Marionette:Register
JavaScript error: chrome://marionette/content/listener.js, line 464: TypeError: reply[0] is undefined
*** UTM:SVC TimerManager:registerTimer called after profile-before-change notification. Ignoring timer registration for id: telemetry_modules_ping
1531316426455	geckodriver	INFO	geckodriver 0.21.0
1531316426473	geckodriver	INFO	Listening on 127.0.0.1:54561
1531316427474	mozrunner::runner	INFO	Running command: "/usr/bin/firefox" "-marionette" "-foreground" "-no-remote" "-profile" "/tmp/rust_mozprofile.Rls2FGgeMKcS"
1531316434186	Marionette	INFO	Listening on port 39303
1531316434232	Marionette	WARN	TLS certificate errors will be ignored for this session
JavaScript error: http://splix.io/js/155.js, line 1: SecurityError: Permission denied to access property "document" on cross-origin object
IPDL protocol error: Handler returned error code!

###!!! [Parent][DispatchAsyncMessage] Error: PLayerTransaction::Msg_ReleaseLayer Processing error: message was deserialized, but the handler returned false (indicating failure)

IPDL protocol error: Handler returned error code!

###!!! [Parent][DispatchAsyncMessage] Error: PLayerTransaction::Msg_ReleaseLayer Processing error: message was deserialized, but the handler returned false (indicating failure)

IPDL protocol error: Handler returned error code!

###!!! [Parent][DispatchAsyncMessage] Error: PLayerTransaction::Msg_ReleaseLayer Processing error: message was deserialized, but the handler returned false (indicating failure)

1531316455868	addons.productaddons	WARN	Failed downloading XML, status: 0, reason: error
1531316455879	addons.productaddons	WARN	Failed downloading via XHR, status: 0, reason: error
1531316694288	geckodriver	INFO	geckodriver 0.21.0
1531316694301	geckodriver	INFO	Listening on 127.0.0.1:58981
1531316695301	mozrunner::runner	INFO	Running command: "/usr/bin/firefox" "-marionette" "-foreground" "-no-remote" "-profile" "/tmp/rust_mozprofile.ZHCY9ZmGTWOh"
1531316701734	Marionette	INFO	Listening on port 42157
1531316701833	Marionette	WARN	TLS certificate errors will be ignored for this session
JavaScript error: http://splix.io/js/155.js, line 1: SecurityError: Permission denied to access property "document" on cross-origin object
IPDL protocol error: Handler returned error code!

###!!! [Parent][DispatchAsyncMessage] Error: PLayerTransaction::Msg_ReleaseLayer Processing error: message was deserialized, but the handler returned false (indicating failure)

IPDL protocol error: Handler returned error code!

###!!! [Parent][DispatchAsyncMessage] Error: PLayerTransaction::Msg_ReleaseLayer Processing error: message was deserialized, but the handler returned false (indicating failure)

IPDL protocol error: Handler returned error code!

###!!! [Parent][DispatchAsyncMessage] Error: PLayerTransaction::Msg_ReleaseLayer Processing error: message was deserialized, but the handler returned false (indicating failure)

*** UTM:SVC TimerManager:registerTimer called after profile-before-change notification. Ignoring timer registration for id: telemetry_modules_ping
1531316735181	geckodriver	INFO	geckodriver 0.21.0
1531316735187	geckodriver	INFO	Listening on 127.0.0.1:54535
1531316736192	mozrunner::runner	INFO	Running command: "/usr/bin/firefox" "-marionette" "-foreground" "-no-remote" "-profile" "/tmp/rust_mozprofile.2zN7cJcazAIk"
1531316742164	Marionette	INFO	Listening on port 33775
1531316742241	Marionette	WARN	TLS certificate errors will be ignored for this session
JavaScript error: http://splix.io/js/155.js, line 1: SecurityError: Permission denied to access property "document" on cross-origin object
JavaScript error: https://tpc.googlesyndication.com/sodar/6uQTKQJz.html, line 29: NS_ERROR_NOT_INITIALIZED: 
IPDL protocol error: Handler returned error code!

###!!! [Parent][DispatchAsyncMessage] Error: PLayerTransaction::Msg_ReleaseLayer Processing error: message was deserialized, but the handler returned false (indicating failure)

IPDL protocol error: Handler returned error code!

###!!! [Parent][DispatchAsyncMessage] Error: PLayerTransaction::Msg_ReleaseLayer Processing error: message was deserialized, but the handler returned false (indicating failure)

IPDL protocol error: Handler returned error code!

###!!! [Parent][DispatchAsyncMessage] Error: PLayerTransaction::Msg_ReleaseLayer Processing error: message was deserialized, but the handler returned false (indicating failure)

*** UTM:SVC TimerManager:registerTimer called after profile-before-change notification. Ignoring timer registration for id: telemetry_modules_ping
1531316793930	geckodriver	INFO	geckodriver 0.21.0
1531316793949	geckodriver	INFO	Listening on 127.0.0.1:36291
1531316794946	mozrunner::runner	INFO	Running command: "/usr/bin/firefox" "-marionette" "-foreground" "-no-remote" "-profile" "/tmp/rust_mozprofile.QCoeW2gQ4b6S"
1531316801860	Marionette	INFO	Listening on port 45041
1531316801894	Marionette	WARN	TLS certificate errors will be ignored for this session
JavaScript error: http://splix.io/js/155.js, line 1: SecurityError: Permission denied to access property "document" on cross-origin object
*** UTM:SVC TimerManager:registerTimer called after profile-before-change notification. Ignoring timer registration for id: telemetry_modules_ping
1531316862782	geckodriver	INFO	geckodriver 0.21.0
1531316862795	geckodriver	INFO	Listening on 127.0.0.1:46905
1531316863794	mozrunner::runner	INFO	Running command: "/usr/bin/firefox" "-marionette" "-foreground" "-no-remote" "-profile" "/tmp/rust_mozprofile.j66kXDeaXDBo"
1531316870755	Marionette	INFO	Listening on port 42335
1531316870840	Marionette	WARN	TLS certificate errors will be ignored for this session
JavaScript error: http://splix.io/js/155.js, line 1: SecurityError: Permission denied to access property "document" on cross-origin object
JavaScript error: http://tpc.googlesyndication.com/safeframe/1-0-29/html/container.html, line 8: ReferenceError: registerAd is not defined
IPDL protocol error: Handler returned error code!

###!!! [Parent][DispatchAsyncMessage] Error: PLayerTransaction::Msg_ReleaseLayer Processing error: message was deserialized, but the handler returned false (indicating failure)

IPDL protocol error: Handler returned error code!

###!!! [Parent][DispatchAsyncMessage] Error: PLayerTransaction::Msg_ReleaseLayer Processing error: message was deserialized, but the handler returned false (indicating failure)

IPDL protocol error: Handler returned error code!

###!!! [Parent][DispatchAsyncMessage] Error: PLayerTransaction::Msg_ReleaseLayer Processing error: message was deserialized, but the handler returned false (indicating failure)

*** UTM:SVC TimerManager:registerTimer called after profile-before-change notification. Ignoring timer registration for id: telemetry_modules_ping
1531316942444	geckodriver	INFO	geckodriver 0.21.0
1531316942451	geckodriver	INFO	Listening on 127.0.0.1:35287
1531316943460	mozrunner::runner	INFO	Running command: "/usr/bin/firefox" "-marionette" "-foreground" "-no-remote" "-profile" "/tmp/rust_mozprofile.6gAQTJKgLElI"
1531316949988	Marionette	INFO	Listening on port 43233
1531316950107	Marionette	WARN	TLS certificate errors will be ignored for this session
JavaScript error: http://splix.io/js/155.js, line 1: SecurityError: Permission denied to access property "document" on cross-origin object
IPDL protocol error: Handler returned error code!

###!!! [Parent][DispatchAsyncMessage] Error: PLayerTransaction::Msg_ReleaseLayer Processing error: message was deserialized, but the handler returned false (indicating failure)

IPDL protocol error: Handler returned error code!

###!!! [Parent][DispatchAsyncMessage] Error: PLayerTransaction::Msg_ReleaseLayer Processing error: message was deserialized, but the handler returned false (indicating failure)

IPDL protocol error: Handler returned error code!

###!!! [Parent][DispatchAsyncMessage] Error: PLayerTransaction::Msg_ReleaseLayer Processing error: message was deserialized, but the handler returned false (indicating failure)


###!!! [Child][RunMessage] Error: Channel closing: too late to send/recv, messages will be lost


###!!! [Child][RunMessage] Error: Channel closing: too late to send/recv, messages will be lost


###!!! [Child][RunMessage] Error: Channel closing: too late to send/recv, messages will be lost


###!!! [Child][RunMessage] Error: Channel closing: too late to send/recv, messages will be lost


###!!! [Child][RunMessage] Error: Channel closing: too late to send/recv, messages will be lost

*** UTM:SVC TimerManager:registerTimer called after profile-before-change notification. Ignoring timer registration for id: telemetry_modules_ping
1531316988940	geckodriver	INFO	geckodriver 0.21.0
1531316988947	geckodriver	INFO	Listening on 127.0.0.1:54869
1531316989955	mozrunner::runner	INFO	Running command: "/usr/bin/firefox" "-marionette" "-foreground" "-no-remote" "-profile" "/tmp/rust_mozprofile.IM0sZPzaITVf"
1531316997232	Marionette	INFO	Listening on port 41641
1531316997308	Marionette	WARN	TLS certificate errors will be ignored for this session
JavaScript error: http://splix.io/js/155.js, line 1: SecurityError: Permission denied to access property "document" on cross-origin object
JavaScript error: https://tpc.googlesyndication.com/sadbundle/$csp%3Der3%26dns%3Doff$/11212906206518126705/JavaScripts/Texts1.js, line 15: NS_ERROR_FAILURE: 
IPDL protocol error: Handler returned error code!

###!!! [Parent][DispatchAsyncMessage] Error: PLayerTransaction::Msg_ReleaseLayer Processing error: message was deserialized, but the handler returned false (indicating failure)

IPDL protocol error: Handler returned error code!

###!!! [Parent][DispatchAsyncMessage] Error: PLayerTransaction::Msg_ReleaseLayer Processing error: message was deserialized, but the handler returned false (indicating failure)

IPDL protocol error: Handler returned error code!

###!!! [Parent][DispatchAsyncMessage] Error: PLayerTransaction::Msg_ReleaseLayer Processing error: message was deserialized, but the handler returned false (indicating failure)


###!!! [Child][RunMessage] Error: Channel closing: too late to send/recv, messages will be lost

*** UTM:SVC TimerManager:registerTimer called after profile-before-change notification. Ignoring timer registration for id: telemetry_modules_ping
1531317020661	geckodriver	INFO	geckodriver 0.21.0
1531317020680	geckodriver	INFO	Listening on 127.0.0.1:54033
1531317020697	mozrunner::runner	INFO	Running command: "/usr/bin/firefox" "-marionette" "-foreground" "-no-remote" "-profile" "/tmp/rust_mozprofile.tFOc7HDdWMw1"
1531317027055	Marionette	INFO	Listening on port 44933
1531317027154	Marionette	WARN	TLS certificate errors will be ignored for this session
JavaScript error: http://splix.io/js/155.js, line 1: SecurityError: Permission denied to access property "document" on cross-origin object
IPDL protocol error: Handler returned error code!

###!!! [Parent][DispatchAsyncMessage] Error: PLayerTransaction::Msg_ReleaseLayer Processing error: message was deserialized, but the handler returned false (indicating failure)

IPDL protocol error: Handler returned error code!

###!!! [Parent][DispatchAsyncMessage] Error: PLayerTransaction::Msg_ReleaseLayer Processing error: message was deserialized, but the handler returned false (indicating failure)

IPDL protocol error: Handler returned error code!

###!!! [Parent][DispatchAsyncMessage] Error: PLayerTransaction::Msg_ReleaseLayer Processing error: message was deserialized, but the handler returned false (indicating failure)

*** UTM:SVC TimerManager:registerTimer called after profile-before-change notification. Ignoring timer registration for id: telemetry_modules_ping
1531317275632	geckodriver	INFO	geckodriver 0.21.0
1531317275650	geckodriver	INFO	Listening on 127.0.0.1:58283
1531317276652	mozrunner::runner	INFO	Running command: "/usr/bin/firefox" "-marionette" "-foreground" "-no-remote" "-profile" "/tmp/rust_mozprofile.XUGVtFKQTulI"
1531317282860	Marionette	INFO	Listening on port 46037
1531317282881	Marionette	WARN	TLS certificate errors will be ignored for this session
JavaScript error: http://splix.io/js/155.js, line 1: SecurityError: Permission denied to access property "document" on cross-origin object
JavaScript error: resource:///modules/FormSubmitObserver.jsm, line 214: TypeError: this._mm is null
IPDL protocol error: Handler returned error code!

###!!! [Parent][DispatchAsyncMessage] Error: PLayerTransaction::Msg_ReleaseLayer Processing error: message was deserialized, but the handler returned false (indicating failure)

IPDL protocol error: Handler returned error code!

###!!! [Parent][DispatchAsyncMessage] Error: PLayerTransaction::Msg_ReleaseLayer Processing error: message was deserialized, but the handler returned false (indicating failure)

IPDL protocol error: Handler returned error code!

###!!! [Parent][DispatchAsyncMessage] Error: PLayerTransaction::Msg_ReleaseLayer Processing error: message was deserialized, but the handler returned false (indicating failure)

[Child 15534, Chrome_ChildThread] WARNING: pipe error: Broken pipe: file /build/firefox-AIw0T6/firefox-60.0.1+build2/ipc/chromium/src/chrome/common/ipc_channel_posix.cc, line 709
[Child 15534, Chrome_ChildThread] WARNING: pipe error: Broken pipe: file /build/firefox-AIw0T6/firefox-60.0.1+build2/ipc/chromium/src/chrome/common/ipc_channel_posix.cc, line 709
[Parent 15471, Gecko_IOThread] WARNING: pipe error (103): Connection reset by peer: file /build/firefox-AIw0T6/firefox-60.0.1+build2/ipc/chromium/src/chrome/common/ipc_channel_posix.cc, line 353
1531317998943	geckodriver	INFO	geckodriver 0.21.0
1531317998952	geckodriver	INFO	Listening on 127.0.0.1:34859
1531317999958	mozrunner::runner	INFO	Running command: "/usr/bin/firefox" "-marionette" "-foreground" "-no-remote" "-profile" "/tmp/rust_mozprofile.oRRDXL8uOAHK"
1531318007314	Marionette	INFO	Listening on port 39975
1531318007413	Marionette	WARN	TLS certificate errors will be ignored for this session
JavaScript error: http://splix.io/js/155.js, line 1: SecurityError: Permission denied to access property "document" on cross-origin object
IPDL protocol error: Handler returned error code!

###!!! [Parent][DispatchAsyncMessage] Error: PLayerTransaction::Msg_ReleaseLayer Processing error: message was deserialized, but the handler returned false (indicating failure)

*** UTM:SVC TimerManager:registerTimer called after profile-before-change notification. Ignoring timer registration for id: telemetry_modules_ping
1531318052263	geckodriver	INFO	geckodriver 0.21.0
1531318052269	geckodriver	INFO	Listening on 127.0.0.1:50513
1531318053278	mozrunner::runner	INFO	Running command: "/usr/bin/firefox" "-marionette" "-foreground" "-no-remote" "-profile" "/tmp/rust_mozprofile.e61yiKkz0xBT"
1531318060459	Marionette	INFO	Listening on port 34323
1531318060511	Marionette	WARN	TLS certificate errors will be ignored for this session
JavaScript error: http://splix.io/js/155.js, line 1: SecurityError: Permission denied to access property "document" on cross-origin object
IPDL protocol error: Handler returned error code!

###!!! [Parent][DispatchAsyncMessage] Error: PLayerTransaction::Msg_ReleaseLayer Processing error: message was deserialized, but the handler returned false (indicating failure)

IPDL protocol error: Handler returned error code!

###!!! [Parent][DispatchAsyncMessage] Error: PLayerTransaction::Msg_ReleaseLayer Processing error: message was deserialized, but the handler returned false (indicating failure)

IPDL protocol error: Handler returned error code!

###!!! [Parent][DispatchAsyncMessage] Error: PLayerTransaction::Msg_ReleaseLayer Processing error: message was deserialized, but the handler returned false (indicating failure)


###!!! [Child][RunMessage] Error: Channel closing: too late to send/recv, messages will be lost

*** UTM:SVC TimerManager:registerTimer called after profile-before-change notification. Ignoring timer registration for id: telemetry_modules_ping
1531318153968	geckodriver	INFO	geckodriver 0.21.0
1531318153984	geckodriver	INFO	Listening on 127.0.0.1:48341
1531318154984	mozrunner::runner	INFO	Running command: "/usr/bin/firefox" "-marionette" "-foreground" "-no-remote" "-profile" "/tmp/rust_mozprofile.Rlc2z1Tjx7er"
1531318161504	Marionette	INFO	Listening on port 44621
1531318161649	Marionette	WARN	TLS certificate errors will be ignored for this session
JavaScript error: http://splix.io/js/155.js, line 1: SecurityError: Permission denied to access property "document" on cross-origin object
IPDL protocol error: Handler returned error code!

###!!! [Parent][DispatchAsyncMessage] Error: PLayerTransaction::Msg_ReleaseLayer Processing error: message was deserialized, but the handler returned false (indicating failure)

IPDL protocol error: Handler returned error code!

###!!! [Parent][DispatchAsyncMessage] Error: PLayerTransaction::Msg_ReleaseLayer Processing error: message was deserialized, but the handler returned false (indicating failure)

IPDL protocol error: Handler returned error code!

###!!! [Parent][DispatchAsyncMessage] Error: PLayerTransaction::Msg_ReleaseLayer Processing error: message was deserialized, but the handler returned false (indicating failure)

*** UTM:SVC TimerManager:registerTimer called after profile-before-change notification. Ignoring timer registration for id: telemetry_modules_ping
1531318204809	geckodriver	INFO	geckodriver 0.21.0
1531318204821	geckodriver	INFO	Listening on 127.0.0.1:53445
1531318205829	mozrunner::runner	INFO	Running command: "/usr/bin/firefox" "-marionette" "-foreground" "-no-remote" "-profile" "/tmp/rust_mozprofile.wFQZGZCRlQbP"
1531318213362	Marionette	INFO	Listening on port 37047
1531318213463	Marionette	WARN	TLS certificate errors will be ignored for this session
JavaScript error: http://splix.io/js/155.js, line 1: SecurityError: Permission denied to access property "document" on cross-origin object
IPDL protocol error: Handler returned error code!

###!!! [Parent][DispatchAsyncMessage] Error: PLayerTransaction::Msg_ReleaseLayer Processing error: message was deserialized, but the handler returned false (indicating failure)

IPDL protocol error: Handler returned error code!

###!!! [Parent][DispatchAsyncMessage] Error: PLayerTransaction::Msg_ReleaseLayer Processing error: message was deserialized, but the handler returned false (indicating failure)

IPDL protocol error: Handler returned error code!

###!!! [Parent][DispatchAsyncMessage] Error: PLayerTransaction::Msg_ReleaseLayer Processing error: message was deserialized, but the handler returned false (indicating failure)

*** UTM:SVC TimerManager:registerTimer called after profile-before-change notification. Ignoring timer registration for id: telemetry_modules_ping
1531318237522	geckodriver	INFO	geckodriver 0.21.0
1531318237540	geckodriver	INFO	Listening on 127.0.0.1:59113
1531318238538	mozrunner::runner	INFO	Running command: "/usr/bin/firefox" "-marionette" "-foreground" "-no-remote" "-profile" "/tmp/rust_mozprofile.knkuXcqTMjXI"
1531318244866	Marionette	INFO	Listening on port 39147
1531318244963	Marionette	WARN	TLS certificate errors will be ignored for this session
JavaScript error: http://splix.io/js/155.js, line 1: SecurityError: Permission denied to access property "document" on cross-origin object
IPDL protocol error: Handler returned error code!

###!!! [Parent][DispatchAsyncMessage] Error: PLayerTransaction::Msg_ReleaseLayer Processing error: message was deserialized, but the handler returned false (indicating failure)

[Parent 16712, Gecko_IOThread] WARNING: pipe error (97): Connection reset by peer: file /build/firefox-AIw0T6/firefox-60.0.1+build2/ipc/chromium/src/chrome/common/ipc_channel_posix.cc, line 353
*** UTM:SVC TimerManager:registerTimer called after profile-before-change notification. Ignoring timer registration for id: telemetry_modules_ping
1531318266863	geckodriver	INFO	geckodriver 0.21.0
1531318266870	geckodriver	INFO	Listening on 127.0.0.1:60429
1531318267874	mozrunner::runner	INFO	Running command: "/usr/bin/firefox" "-marionette" "-foreground" "-no-remote" "-profile" "/tmp/rust_mozprofile.iWwtihqDsN30"
1531318275158	Marionette	INFO	Listening on port 45447
1531318275209	Marionette	WARN	TLS certificate errors will be ignored for this session
JavaScript error: http://splix.io/js/155.js, line 1: SecurityError: Permission denied to access property "document" on cross-origin object
JavaScript error: http://splix.io/js/155.js, line 1: SecurityError: Permission denied to access property "document" on cross-origin object
IPDL protocol error: Handler returned error code!

###!!! [Parent][DispatchAsyncMessage] Error: PLayerTransaction::Msg_ReleaseLayer Processing error: message was deserialized, but the handler returned false (indicating failure)

*** UTM:SVC TimerManager:registerTimer called after profile-before-change notification. Ignoring timer registration for id: telemetry_modules_ping
1531318313932	geckodriver	INFO	geckodriver 0.21.0
1531318313955	geckodriver	INFO	Listening on 127.0.0.1:48013
1531318314955	mozrunner::runner	INFO	Running command: "/usr/bin/firefox" "-marionette" "-foreground" "-no-remote" "-profile" "/tmp/rust_mozprofile.HNOH5OVF3hKC"
1531318321677	Marionette	INFO	Listening on port 39043
1531318321778	Marionette	WARN	TLS certificate errors will be ignored for this session
JavaScript error: http://splix.io/js/155.js, line 1: SecurityError: Permission denied to access property "document" on cross-origin object
1531318342342	addons.productaddons	WARN	Failed downloading XML, status: 0, reason: error
1531318342353	addons.productaddons	WARN	Failed downloading via XHR, status: 0, reason: error
*** UTM:SVC TimerManager:registerTimer called after profile-before-change notification. Ignoring timer registration for id: telemetry_modules_ping
